c:\users\pc\source\repos\abstractdatatypes\abstractdatatypes\abstract.b200390c\x64\debug\vc143.pdb
c:\users\pc\source\repos\abstractdatatypes\abstractdatatypes\abstract.b200390c\x64\debug\vc143.idb
c:\users\pc\source\repos\abstractdatatypes\abstractdatatypes\abstract.b200390c\x64\debug\abstractdatatypes.obj
c:\users\pc\source\repos\abstractdatatypes\abstractdatatypes\abstract.b200390c\x64\debug\abstractdatatypes.ilk
c:\users\pc\source\repos\abstractdatatypes\abstractdatatypes\x64\debug\abstractdatatypes.pdb
c:\users\pc\source\repos\abstractdatatypes\abstractdatatypes\abstract.b200390c\x64\debug\abstract.b200390c.tlog\cl.command.1.tlog
c:\users\pc\source\repos\abstractdatatypes\abstractdatatypes\abstract.b200390c\x64\debug\abstract.b200390c.tlog\cl.items.tlog
c:\users\pc\source\repos\abstractdatatypes\abstractdatatypes\abstract.b200390c\x64\debug\abstract.b200390c.tlog\cl.read.1.tlog
c:\users\pc\source\repos\abstractdatatypes\abstractdatatypes\abstract.b200390c\x64\debug\abstract.b200390c.tlog\cl.write.1.tlog
c:\users\pc\source\repos\abstractdatatypes\abstractdatatypes\abstract.b200390c\x64\debug\abstract.b200390c.tlog\link.76380-cvtres.read.1.tlog
c:\users\pc\source\repos\abstractdatatypes\abstractdatatypes\abstract.b200390c\x64\debug\abstract.b200390c.tlog\link.76380-cvtres.write.1.tlog
c:\users\pc\source\repos\abstractdatatypes\abstractdatatypes\abstract.b200390c\x64\debug\abstract.b200390c.tlog\link.76380-rc.read.1.tlog
c:\users\pc\source\repos\abstractdatatypes\abstractdatatypes\abstract.b200390c\x64\debug\abstract.b200390c.tlog\link.76380-rc.write.1.tlog
c:\users\pc\source\repos\abstractdatatypes\abstractdatatypes\abstract.b200390c\x64\debug\abstract.b200390c.tlog\link.76380.read.1.tlog
c:\users\pc\source\repos\abstractdatatypes\abstractdatatypes\abstract.b200390c\x64\debug\abstract.b200390c.tlog\link.76380.read.2.tlog
c:\users\pc\source\repos\abstractdatatypes\abstractdatatypes\abstract.b200390c\x64\debug\abstract.b200390c.tlog\link.76380.read.3.tlog
c:\users\pc\source\repos\abstractdatatypes\abstractdatatypes\abstract.b200390c\x64\debug\abstract.b200390c.tlog\link.76380.read.4.tlog
c:\users\pc\source\repos\abstractdatatypes\abstractdatatypes\abstract.b200390c\x64\debug\abstract.b200390c.tlog\link.76380.write.1.tlog
c:\users\pc\source\repos\abstractdatatypes\abstractdatatypes\abstract.b200390c\x64\debug\abstract.b200390c.tlog\link.command.1.tlog
c:\users\pc\source\repos\abstractdatatypes\abstractdatatypes\abstract.b200390c\x64\debug\abstract.b200390c.tlog\link.read.1.tlog
c:\users\pc\source\repos\abstractdatatypes\abstractdatatypes\abstract.b200390c\x64\debug\abstract.b200390c.tlog\link.secondary.1.tlog
c:\users\pc\source\repos\abstractdatatypes\abstractdatatypes\abstract.b200390c\x64\debug\abstract.b200390c.tlog\link.write.1.tlog
